生成启动时间为 2023/8/13 12:59:43。
     1>项目“F:\linux c++\c++项目学习\职工管理系统\职工管理系统.vcxproj”在节点 2 上(Build 个目标)。
     1>ClCompile:
         D:\vs2015\vs-2015\VC\bin\CL.exe /c /ZI /nologo /W3 /WX- /sdl /Od /Oy- /D WIN32 /D _DEBUG /D _CONSOLE /D _UNICODE /D UNICODE /Gm /EHsc /RTC1 /MDd /GS /fp:precise /Zc:wchar_t /Zc:forScope /Zc:inline /Fo"Debug\\" /Fd"Debug\vc140.pdb" /Gd /TP /analyze- /errorReport:prompt boss.cpp employee.cpp manager.cpp workerManager.cpp "职工管理系统.cpp"
         职工管理系统.cpp
         workerManager.cpp
         manager.cpp
         employee.cpp
         boss.cpp
         正在生成代码...
       Link:
         D:\vs2015\vs-2015\VC\bin\link.exe /ERRORREPORT:PROMPT /OUT:"F:\linux c++\c++项目学习\职工管理系统\Debug\职工管理系统.exe" /INCREMENTAL /NOLOGO kernel32.lib user32.lib gdi32.lib winspool.lib comdlg32.lib advapi32.lib shell32.lib ole32.lib oleaut32.lib uuid.lib odbc32.lib odbccp32.lib /MANIFEST /MANIFESTUAC:"level='asInvoker' uiAccess='false'" /manifest:embed /Debug /PDB:"F:\linux c++\c++项目学习\职工管理系统\Debug\职工管理系统.pdb" /SUBSYSTEM:CONSOLE /TLBID:1 /DYNAMICBASE /NXCOMPAT /IMPLIB:"F:\linux c++\c++项目学习\职工管理系统\Debug\职工管理系统.lib" /MACHINE:X86 Debug\boss.obj
         Debug\employee.obj
         Debug\manager.obj
         Debug\workerManager.obj
         "Debug\职工管理系统.obj"
         职工管理系统.vcxproj -> F:\linux c++\c++项目学习\职工管理系统\Debug\职工管理系统.exe
     1>已完成生成项目“F:\linux c++\c++项目学习\职工管理系统\职工管理系统.vcxproj”(Build 个目标)的操作。

已成功生成。

已用时间 00:00:03.16
